mode: set
github.io/Liqo/JobProfiler/controllers/memoryprofile_controller.go:40.84,47.2 3 0
github.io/Liqo/JobProfiler/controllers/memoryprofile_controller.go:49.76,53.2 1 0
github.io/Liqo/JobProfiler/controllers/connectionprofile_controller.go:40.88,47.2 3 0
github.io/Liqo/JobProfiler/controllers/connectionprofile_controller.go:49.80,53.2 1 0
github.io/Liqo/JobProfiler/controllers/cpuprofile_controller.go:40.81,47.2 3 0
github.io/Liqo/JobProfiler/controllers/cpuprofile_controller.go:49.73,53.2 1 0
